<?xml version="1.0" encoding="UTF-8"?>
<testsuite name="com.self.sprintboot.learning.eureka.EurekaServerApplicationTests" time="0.034" tests="1" errors="1" skipped="0" failures="0">
  <properties>
[...]
</properties>
  <testcase name="initializationError" classname="com.self.sprintboot.learning.eureka.EurekaServerApplicationTests" time="0.034">
    <error message="Unable to find a @SpringBootConfiguration, you need to use @ContextConfiguration or @SpringBootTest(classes=...) with your test" type="java.lang.IllegalStateException"><![CDATA[java.lang.IllegalStateException: Unable to find a @SpringBootConfiguration, you need to use @ContextConfiguration or @SpringBootTest(classes=...) with your test
	at org.springframework.util.Assert.state(Assert.java:70)
	at org.springframework.boot.test.context.SpringBootTestContextBootstrapper.getOrFindConfigurationClasses(SpringBootTestContextBootstrapper.java:202)
	at org.springframework.boot.test.context.SpringBootTestContextBootstrapper.processMergedContextConfiguration(SpringBootTestContextBootstrapper.java:137)
	at org.springframework.test.context.support.AbstractTestContextBootstrapper.buildMergedContextConfiguration(AbstractTestContextBootstrapper.java:409)
	at org.springframework.test.context.support.AbstractTestContextBootstrapper.buildDefaultMergedContextConfiguration(AbstractTestContextBootstrapper.java:323)
	at org.springframework.test.context.support.AbstractTestContextBootstrapper.buildMergedContextConfiguration(AbstractTestContextBootstrapper.java:277)
	at org.springframework.test.context.support.AbstractTestContextBootstrapper.buildTestContext(AbstractTestContextBootstrapper.java:112)
	at org.springframework.boot.test.context.SpringBootTestContextBootstrapper.buildTestContext(SpringBootTestContextBootstrapper.java:82)
	at org.springframework.test.context.TestContextManager.<init>(TestContextManager.java:120)
	at org.springframework.test.context.TestContextManager.<init>(TestContextManager.java:105)
	at org.springframework.test.context.junit4.SpringJUnit4ClassRunner.createTestContextManager(SpringJUnit4ClassRunner.java:152)
	at org.springframework.test.context.junit4.SpringJUnit4ClassRunner.<init>(SpringJUnit4ClassRunner.java:143)
	at org.springframework.test.context.junit4.SpringRunner.<init>(SpringRunner.java:49)
	at java.base/jdk.internal.reflect.NativeConstructorAccessorImpl.newInstance0(Native Method)
	at java.base/jdk.internal.reflect.NativeConstructorAccessorImpl.newInstance(NativeConstructorAccessorImpl.java:62)
	at java.base/jdk.internal.reflect.DelegatingConstructorAccessorImpl.newInstance(DelegatingConstructorAccessorImpl.java:45)
	at java.base/java.lang.reflect.Constructor.newInstance(Constructor.java:490)
	at org.junit.internal.builders.AnnotatedBuilder.buildRunner(AnnotatedBuilder.java:104)
	at org.junit.internal.builders.AnnotatedBuilder.runnerForClass(AnnotatedBuilder.java:86)
	at org.junit.runners.model.RunnerBuilder.safeRunnerForClass(RunnerBuilder.java:59)
	at org.junit.internal.builders.AllDefaultPossibilitiesBuilder.runnerForClass(AllDefaultPossibilitiesBuilder.java:26)
	at org.junit.runners.model.RunnerBuilder.safeRunnerForClass(RunnerBuilder.java:59)
	at org.junit.internal.requests.ClassRequest.getRunner(ClassRequest.java:33)
	at org.apache.maven.surefire.junit4.JUnit4Provider.execute(JUnit4Provider.java:283)
	at org.apache.maven.surefire.junit4.JUnit4Provider.executeWithRerun(JUnit4Provider.java:173)
	at org.apache.maven.surefire.junit4.JUnit4Provider.executeTestSet(JUnit4Provider.java:153)
	at org.apache.maven.surefire.junit4.JUnit4Provider.invoke(JUnit4Provider.java:128)
	at org.apache.maven.surefire.booter.ForkedBooter.invokeProviderInSameClassLoader(ForkedBooter.java:203)
	at org.apache.maven.surefire.booter.ForkedBooter.runSuitesInProcess(ForkedBooter.java:155)
	at org.apache.maven.surefire.booter.ForkedBooter.main(ForkedBooter.java:103)
]]></error>
    <system-out><![CDATA[19:52:21.178 [main] DEBUG org.springframework.test.context.junit4.SpringJUnit4ClassRunner - SpringJUnit4ClassRunner constructor called with [class com.self.sprintboot.learning.eureka.EurekaServerApplicationTests]
19:52:21.207 [main] DEBUG org.springframework.test.context.BootstrapUtils - Instantiating CacheAwareContextLoaderDelegate from class [org.springframework.test.context.cache.DefaultCacheAwareContextLoaderDelegate]
19:52:21.239 [main] DEBUG org.springframework.test.context.BootstrapUtils - Instantiating BootstrapContext using constructor [public org.springframework.test.context.support.DefaultBootstrapContext(java.lang.Class,org.springframework.test.context.CacheAwareContextLoaderDelegate)]
19:52:21.292 [main] DEBUG org.springframework.test.context.BootstrapUtils - Instantiating TestContextBootstrapper for test class [com.self.sprintboot.learning.eureka.EurekaServerApplicationTests] from class [org.springframework.boot.test.context.SpringBootTestContextBootstrapper]
19:52:21.326 [main] INFO org.springframework.boot.test.context.SpringBootTestContextBootstrapper - Neither @ContextConfiguration nor @ContextHierarchy found for test class [com.self.sprintboot.learning.eureka.EurekaServerApplicationTests], using SpringBootContextLoader
19:52:21.337 [main] DEBUG org.springframework.test.context.support.AbstractContextLoader - Did not detect default resource location for test class [com.self.sprintboot.learning.eureka.EurekaServerApplicationTests]: class path resource [com/self/sprintboot/learning/eureka/EurekaServerApplicationTests-context.xml] does not exist
19:52:21.339 [main] DEBUG org.springframework.test.context.support.AbstractContextLoader - Did not detect default resource location for test class [com.self.sprintboot.learning.eureka.EurekaServerApplicationTests]: class path resource [com/self/sprintboot/learning/eureka/EurekaServerApplicationTestsContext.groovy] does not exist
19:52:21.340 [main] INFO org.springframework.test.context.support.AbstractContextLoader - Could not detect default resource locations for test class [com.self.sprintboot.learning.eureka.EurekaServerApplicationTests]: no resource found for suffixes {-context.xml, Context.groovy}.
19:52:21.342 [main] INFO org.springframework.test.context.support.AnnotationConfigContextLoaderUtils - Could not detect default configuration classes for test class [com.self.sprintboot.learning.eureka.EurekaServerApplicationTests]: EurekaServerApplicationTests does not declare any static, non-private, non-final, nested classes annotated with @Configuration.
19:52:21.477 [main] DEBUG org.springframework.test.context.support.ActiveProfilesUtils - Could not find an 'annotation declaring class' for annotation type [org.springframework.test.context.ActiveProfiles] and class [com.self.sprintboot.learning.eureka.EurekaServerApplicationTests]
19:52:21.503 [main] DEBUG org.springframework.core.env.StandardEnvironment - Adding PropertySource 'systemProperties' with lowest search precedence
19:52:21.509 [main] DEBUG org.springframework.core.env.StandardEnvironment - Adding PropertySource 'systemEnvironment' with lowest search precedence
19:52:21.510 [main] DEBUG org.springframework.core.env.StandardEnvironment - Initialized StandardEnvironment with PropertySources [MapPropertySource@1444635922 {name='systemProperties', properties={sun.desktop=windows, awt.toolkit=sun.awt.windows.WToolkit, java.specification.version=11, sun.cpu.isalist=amd64, sun.jnu.encoding=Cp1252, java.class.path=C:\Subbu_Code\micropay\admin-server\target\test-classes;C:\Subbu_Code\micropay\admin-server\target\classes;C:\Users\cvidudal\.m2\repository\de\codecentric\spring-boot-admin-server\1.5.7\spring-boot-admin-server-1.5.7.jar;C:\Users\cvidudal\.m2\repository\org\springframework\boot\spring-boot-starter-actuator\1.5.9.RELEASE\spring-boot-starter-actuator-1.5.9.RELEASE.jar;C:\Users\cvidudal\.m2\repository\org\springframework\boot\spring-boot-actuator\1.5.9.RELEASE\spring-boot-actuator-1.5.9.RELEASE.jar;C:\Users\cvidudal\.m2\repository\com\fasterxml\jackson\core\jackson-databind\2.8.10\jackson-databind-2.8.10.jar;C:\Users\cvidudal\.m2\repository\com\fasterxml\jackson\core\jackson-annotations\2.8.0\jackson-annotations-2.8.0.jar;C:\Users\cvidudal\.m2\repository\com\fasterxml\jackson\core\jackson-core\2.8.10\jackson-core-2.8.10.jar;C:\Users\cvidudal\.m2\repository\com\netflix\zuul\zuul-core\1.3.0\zuul-core-1.3.0.jar;C:\Users\cvidudal\.m2\repository\commons-io\commons-io\2.4\commons-io-2.4.jar;C:\Users\cvidudal\.m2\repository\org\slf4j\slf4j-api\1.7.25\slf4j-api-1.7.25.jar;C:\Users\cvidudal\.m2\repository\com\netflix\archaius\archaius-core\0.7.4\archaius-core-0.7.4.jar;C:\Users\cvidudal\.m2\repository\com\google\code\findbugs\jsr305\3.0.1\jsr305-3.0.1.jar;C:\Users\cvidudal\.m2\repository\commons-configuration\commons-configuration\1.8\commons-configuration-1.8.jar;C:\Users\cvidudal\.m2\repository\commons-lang\commons-lang\2.6\commons-lang-2.6.jar;C:\Users\cvidudal\.m2\repository\com\google\guava\guava\18.0\guava-18.0.jar;C:\Users\cvidudal\.m2\repository\com\netflix\servo\servo-core\0.10.1\servo-core-0.10.1.jar;C:\Users\cvidudal\.m2\repository\com\netflix\servo\servo-internal\0.10.1\servo-internal-0.10.1.jar;C:\Users\cvidudal\.m2\repository\com\netflix\netflix-commons\netflix-commons-util\0.1.1\netflix-commons-util-0.1.1.jar;C:\Users\cvidudal\.m2\repository\com\netflix\hystrix\hystrix-core\1.5.12\hystrix-core-1.5.12.jar;C:\Users\cvidudal\.m2\repository\io\reactivex\rxjava\1.2.0\rxjava-1.2.0.jar;C:\Users\cvidudal\.m2\repository\org\hdrhistogram\HdrHistogram\2.1.9\HdrHistogram-2.1.9.jar;C:\Users\cvidudal\.m2\repository\org\springframework\cloud\spring-cloud-netflix-core\1.4.3.RELEASE\spring-cloud-netflix-core-1.4.3.RELEASE.jar;C:\Users\cvidudal\.m2\repository\org\springframework\boot\spring-boot\1.5.9.RELEASE\spring-boot-1.5.9.RELEASE.jar;C:\Users\cvidudal\.m2\repository\org\springframework\boot\spring-boot-autoconfigure\1.5.9.RELEASE\spring-boot-autoconfigure-1.5.9.RELEASE.jar;C:\Users\cvidudal\.m2\repository\org\springframework\cloud\spring-cloud-context\1.3.2.RELEASE\spring-cloud-context-1.3.2.RELEASE.jar;C:\Users\cvidudal\.m2\repository\org\springframework\security\spring-security-crypto\4.2.3.RELEASE\spring-security-crypto-4.2.3.RELEASE.jar;C:\Users\cvidudal\.m2\repository\org\springframework\cloud\spring-cloud-commons\1.3.2.RELEASE\spring-cloud-commons-1.3.2.RELEASE.jar;C:\Users\cvidudal\.m2\repository\org\apache\httpcomponents\httpclient\4.5.3\httpclient-4.5.3.jar;C:\Users\cvidudal\.m2\repository\org\apache\httpcomponents\httpcore\4.4.8\httpcore-4.4.8.jar;C:\Users\cvidudal\.m2\repository\commons-codec\commons-codec\1.10\commons-codec-1.10.jar;C:\Users\cvidudal\.m2\repository\de\codecentric\spring-boot-admin-server-ui\1.5.7\spring-boot-admin-server-ui-1.5.7.jar;C:\Users\cvidudal\.m2\repository\org\springframework\boot\spring-boot-starter-web\1.5.9.RELEASE\spring-boot-starter-web-1.5.9.RELEASE.jar;C:\Users\cvidudal\.m2\repository\org\springframework\boot\spring-boot-starter\1.5.9.RELEASE\spring-boot-starter-1.5.9.RELEASE.jar;C:\Users\cvidudal\.m2\repository\org\springframework\boot\spring-boot-starter-logging\1.5.9.RELEASE\spring-boot-starter-logging-1.5.9.RELEASE.jar;C:\Users\cvidudal\.m2\repository\ch\qos\logback\logback-classic\1.1.11\logback-classic-1.1.11.jar;C:\Users\cvidudal\.m2\repository\ch\qos\logback\logback-core\1.1.11\logback-core-1.1.11.jar;C:\Users\cvidudal\.m2\repository\org\slf4j\jcl-over-slf4j\1.7.25\jcl-over-slf4j-1.7.25.jar;C:\Users\cvidudal\.m2\repository\org\slf4j\jul-to-slf4j\1.7.25\jul-to-slf4j-1.7.25.jar;C:\Users\cvidudal\.m2\repository\org\slf4j\log4j-over-slf4j\1.7.25\log4j-over-slf4j-1.7.25.jar;C:\Users\cvidudal\.m2\repository\org\yaml\snakeyaml\1.17\snakeyaml-1.17.jar;C:\Users\cvidudal\.m2\repository\org\springframework\boot\spring-boot-starter-tomcat\1.5.9.RELEASE\spring-boot-starter-tomcat-1.5.9.RELEASE.jar;C:\Users\cvidudal\.m2\repository\org\apache\tomcat\embed\tomcat-embed-core\8.5.23\tomcat-embed-core-8.5.23.jar;C:\Users\cvidudal\.m2\repository\org\apache\tomcat\tomcat-annotations-api\8.5.23\tomcat-annotations-api-8.5.23.jar;C:\Users\cvidudal\.m2\repository\org\apache\tomcat\embed\tomcat-embed-el\8.5.23\tomcat-embed-el-8.5.23.jar;C:\Users\cvidudal\.m2\repository\org\apache\tomcat\embed\tomcat-embed-websocket\8.5.23\tomcat-embed-websocket-8.5.23.jar;C:\Users\cvidudal\.m2\repository\org\hibernate\hibernate-validator\5.3.6.Final\hibernate-validator-5.3.6.Final.jar;C:\Users\cvidudal\.m2\repository\javax\validation\validation-api\1.1.0.Final\validation-api-1.1.0.Final.jar;C:\Users\cvidudal\.m2\repository\org\jboss\logging\jboss-logging\3.3.1.Final\jboss-logging-3.3.1.Final.jar;C:\Users\cvidudal\.m2\repository\com\fasterxml\classmate\1.3.4\classmate-1.3.4.jar;C:\Users\cvidudal\.m2\repository\org\springframework\spring-web\4.3.13.RELEASE\spring-web-4.3.13.RELEASE.jar;C:\Users\cvidudal\.m2\repository\org\springframework\spring-aop\4.3.13.RELEASE\spring-aop-4.3.13.RELEASE.jar;C:\Users\cvidudal\.m2\repository\org\springframework\spring-beans\4.3.13.RELEASE\spring-beans-4.3.13.RELEASE.jar;C:\Users\cvidudal\.m2\repository\org\springframework\spring-context\4.3.13.RELEASE\spring-context-4.3.13.RELEASE.jar;C:\Users\cvidudal\.m2\repository\org\springframework\spring-webmvc\4.3.13.RELEASE\spring-webmvc-4.3.13.RELEASE.jar;C:\Users\cvidudal\.m2\repository\org\springframework\spring-expression\4.3.13.RELEASE\spring-expression-4.3.13.RELEASE.jar;C:\Users\cvidudal\.m2\repository\org\springframework\boot\spring-boot-starter-test\1.5.9.RELEASE\spring-boot-starter-test-1.5.9.RELEASE.jar;C:\Users\cvidudal\.m2\repository\org\springframework\boot\spring-boot-test\1.5.9.RELEASE\spring-boot-test-1.5.9.RELEASE.jar;C:\Users\cvidudal\.m2\repository\org\springframework\boot\spring-boot-test-autoconfigure\1.5.9.RELEASE\spring-boot-test-autoconfigure-1.5.9.RELEASE.jar;C:\Users\cvidudal\.m2\repository\com\jayway\jsonpath\json-path\2.2.0\json-path-2.2.0.jar;C:\Users\cvidudal\.m2\repository\net\minidev\json-smart\2.2.1\json-smart-2.2.1.jar;C:\Users\cvidudal\.m2\repository\net\minidev\accessors-smart\1.1\accessors-smart-1.1.jar;C:\Users\cvidudal\.m2\repository\org\ow2\asm\asm\5.0.3\asm-5.0.3.jar;C:\Users\cvidudal\.m2\repository\junit\junit\4.12\junit-4.12.jar;C:\Users\cvidudal\.m2\repository\org\assertj\assertj-core\2.6.0\assertj-core-2.6.0.jar;C:\Users\cvidudal\.m2\repository\org\mockito\mockito-core\1.10.19\mockito-core-1.10.19.jar;C:\Users\cvidudal\.m2\repository\org\objenesis\objenesis\2.1\objenesis-2.1.jar;C:\Users\cvidudal\.m2\repository\org\hamcrest\hamcrest-core\1.3\hamcrest-core-1.3.jar;C:\Users\cvidudal\.m2\repository\org\hamcrest\hamcrest-library\1.3\hamcrest-library-1.3.jar;C:\Users\cvidudal\.m2\repository\org\skyscreamer\jsonassert\1.4.0\jsonassert-1.4.0.jar;C:\Users\cvidudal\.m2\repository\com\vaadin\external\google\android-json\0.0.20131108.vaadin1\android-json-0.0.20131108.vaadin1.jar;C:\Users\cvidudal\.m2\repository\org\springframework\spring-core\4.3.13.RELEASE\spring-core-4.3.13.RELEASE.jar;C:\Users\cvidudal\.m2\repository\org\springframework\spring-test\4.3.13.RELEASE\spring-test-4.3.13.RELEASE.jar;, java.vm.vendor=Oracle Corporation, sun.arch.data.model=64, user.variant=, java.vendor.url=http://java.oracle.com/, user.timezone=Asia/Calcutta, os.name=Windows 10, java.vm.specification.version=11, sun.java.launcher=SUN_STANDARD, user.country=US, sun.boot.library.path=C:\jdk-11\bin, sun.java.command=C:\Subbu_Code\micropay\admin-server\target\surefire\surefirebooter16740791921538245977.jar C:\Subbu_Code\micropay\admin-server\target\surefire\surefire3508021959746139656tmp C:\Subbu_Code\micropay\admin-server\target\surefire\surefire_06981327707766632969tmp, jdk.debug=release, surefire.test.class.path=C:\Subbu_Code\micropay\admin-server\target\test-classes;C:\Subbu_Code\micropay\admin-server\target\classes;C:\Users\cvidudal\.m2\repository\de\codecentric\spring-boot-admin-server\1.5.7\spring-boot-admin-server-1.5.7.jar;C:\Users\cvidudal\.m2\repository\org\springframework\boot\spring-boot-starter-actuator\1.5.9.RELEASE\spring-boot-starter-actuator-1.5.9.RELEASE.jar;C:\Users\cvidudal\.m2\repository\org\springframework\boot\spring-boot-actuator\1.5.9.RELEASE\spring-boot-actuator-1.5.9.RELEASE.jar;C:\Users\cvidudal\.m2\repository\com\fasterxml\jackson\core\jackson-databind\2.8.10\jackson-databind-2.8.10.jar;C:\Users\cvidudal\.m2\repository\com\fasterxml\jackson\core\jackson-annotations\2.8.0\jackson-annotations-2.8.0.jar;C:\Users\cvidudal\.m2\repository\com\fasterxml\jackson\core\jackson-core\2.8.10\jackson-core-2.8.10.jar;C:\Users\cvidudal\.m2\repository\com\netflix\zuul\zuul-core\1.3.0\zuul-core-1.3.0.jar;C:\Users\cvidudal\.m2\repository\commons-io\commons-io\2.4\commons-io-2.4.jar;C:\Users\cvidudal\.m2\repository\org\slf4j\slf4j-api\1.7.25\slf4j-api-1.7.25.jar;C:\Users\cvidudal\.m2\repository\com\netflix\archaius\archaius-core\0.7.4\archaius-core-0.7.4.jar;C:\Users\cvidudal\.m2\repository\com\google\code\findbugs\jsr305\3.0.1\jsr305-3.0.1.jar;C:\Users\cvidudal\.m2\repository\commons-configuration\commons-configuration\1.8\commons-configuration-1.8.jar;C:\Users\cvidudal\.m2\repository\commons-lang\commons-lang\2.6\commons-lang-2.6.jar;C:\Users\cvidudal\.m2\repository\com\google\guava\guava\18.0\guava-18.0.jar;C:\Users\cvidudal\.m2\repository\com\netflix\servo\servo-core\0.10.1\servo-core-0.10.1.jar;C:\Users\cvidudal\.m2\repository\com\netflix\servo\servo-internal\0.10.1\servo-internal-0.10.1.jar;C:\Users\cvidudal\.m2\repository\com\netflix\netflix-commons\netflix-commons-util\0.1.1\netflix-commons-util-0.1.1.jar;C:\Users\cvidudal\.m2\repository\com\netflix\hystrix\hystrix-core\1.5.12\hystrix-core-1.5.12.jar;C:\Users\cvidudal\.m2\repository\io\reactivex\rxjava\1.2.0\rxjava-1.2.0.jar;C:\Users\cvidudal\.m2\repository\org\hdrhistogram\HdrHistogram\2.1.9\HdrHistogram-2.1.9.jar;C:\Users\cvidudal\.m2\repository\org\springframework\cloud\spring-cloud-netflix-core\1.4.3.RELEASE\spring-cloud-netflix-core-1.4.3.RELEASE.jar;C:\Users\cvidudal\.m2\repository\org\springframework\boot\spring-boot\1.5.9.RELEASE\spring-boot-1.5.9.RELEASE.jar;C:\Users\cvidudal\.m2\repository\org\springframework\boot\spring-boot-autoconfigure\1.5.9.RELEASE\spring-boot-autoconfigure-1.5.9.RELEASE.jar;C:\Users\cvidudal\.m2\repository\org\springframework\cloud\spring-cloud-context\1.3.2.RELEASE\spring-cloud-context-1.3.2.RELEASE.jar;C:\Users\cvidudal\.m2\repository\org\springframework\security\spring-security-crypto\4.2.3.RELEASE\spring-security-crypto-4.2.3.RELEASE.jar;C:\Users\cvidudal\.m2\repository\org\springframework\cloud\spring-cloud-commons\1.3.2.RELEASE\spring-cloud-commons-1.3.2.RELEASE.jar;C:\Users\cvidudal\.m2\repository\org\apache\httpcomponents\httpclient\4.5.3\httpclient-4.5.3.jar;C:\Users\cvidudal\.m2\repository\org\apache\httpcomponents\httpcore\4.4.8\httpcore-4.4.8.jar;C:\Users\cvidudal\.m2\repository\commons-codec\commons-codec\1.10\commons-codec-1.10.jar;C:\Users\cvidudal\.m2\repository\de\codecentric\spring-boot-admin-server-ui\1.5.7\spring-boot-admin-server-ui-1.5.7.jar;C:\Users\cvidudal\.m2\repository\org\springframework\boot\spring-boot-starter-web\1.5.9.RELEASE\spring-boot-starter-web-1.5.9.RELEASE.jar;C:\Users\cvidudal\.m2\repository\org\springframework\boot\spring-boot-starter\1.5.9.RELEASE\spring-boot-starter-1.5.9.RELEASE.jar;C:\Users\cvidudal\.m2\repository\org\springframework\boot\spring-boot-starter-logging\1.5.9.RELEASE\spring-boot-starter-logging-1.5.9.RELEASE.jar;C:\Users\cvidudal\.m2\repository\ch\qos\logback\logback-classic\1.1.11\logback-classic-1.1.11.jar;C:\Users\cvidudal\.m2\repository\ch\qos\logback\logback-core\1.1.11\logback-core-1.1.11.jar;C:\Users\cvidudal\.m2\repository\org\slf4j\jcl-over-slf4j\1.7.25\jcl-over-slf4j-1.7.25.jar;C:\Users\cvidudal\.m2\repository\org\slf4j\jul-to-slf4j\1.7.25\jul-to-slf4j-1.7.25.jar;C:\Users\cvidudal\.m2\repository\org\slf4j\log4j-over-slf4j\1.7.25\log4j-over-slf4j-1.7.25.jar;C:\Users\cvidudal\.m2\repository\org\yaml\snakeyaml\1.17\snakeyaml-1.17.jar;C:\Users\cvidudal\.m2\repository\org\springframework\boot\spring-boot-starter-tomcat\1.5.9.RELEASE\spring-boot-starter-tomcat-1.5.9.RELEASE.jar;C:\Users\cvidudal\.m2\repository\org\apache\tomcat\embed\tomcat-embed-core\8.5.23\tomcat-embed-core-8.5.23.jar;C:\Users\cvidudal\.m2\repository\org\apache\tomcat\tomcat-annotations-api\8.5.23\tomcat-annotations-api-8.5.23.jar;C:\Users\cvidudal\.m2\repository\org\apache\tomcat\embed\tomcat-embed-el\8.5.23\tomcat-embed-el-8.5.23.jar;C:\Users\cvidudal\.m2\repository\org\apache\tomcat\embed\tomcat-embed-websocket\8.5.23\tomcat-embed-websocket-8.5.23.jar;C:\Users\cvidudal\.m2\repository\org\hibernate\hibernate-validator\5.3.6.Final\hibernate-validator-5.3.6.Final.jar;C:\Users\cvidudal\.m2\repository\javax\validation\validation-api\1.1.0.Final\validation-api-1.1.0.Final.jar;C:\Users\cvidudal\.m2\repository\org\jboss\logging\jboss-logging\3.3.1.Final\jboss-logging-3.3.1.Final.jar;C:\Users\cvidudal\.m2\repository\com\fasterxml\classmate\1.3.4\classmate-1.3.4.jar;C:\Users\cvidudal\.m2\repository\org\springframework\spring-web\4.3.13.RELEASE\spring-web-4.3.13.RELEASE.jar;C:\Users\cvidudal\.m2\repository\org\springframework\spring-aop\4.3.13.RELEASE\spring-aop-4.3.13.RELEASE.jar;C:\Users\cvidudal\.m2\repository\org\springframework\spring-beans\4.3.13.RELEASE\spring-beans-4.3.13.RELEASE.jar;C:\Users\cvidudal\.m2\repository\org\springframework\spring-context\4.3.13.RELEASE\spring-context-4.3.13.RELEASE.jar;C:\Users\cvidudal\.m2\repository\org\springframework\spring-webmvc\4.3.13.RELEASE\spring-webmvc-4.3.13.RELEASE.jar;C:\Users\cvidudal\.m2\repository\org\springframework\spring-expression\4.3.13.RELEASE\spring-expression-4.3.13.RELEASE.jar;C:\Users\cvidudal\.m2\repository\org\springframework\boot\spring-boot-starter-test\1.5.9.RELEASE\spring-boot-starter-test-1.5.9.RELEASE.jar;C:\Users\cvidudal\.m2\repository\org\springframework\boot\spring-boot-test\1.5.9.RELEASE\spring-boot-test-1.5.9.RELEASE.jar;C:\Users\cvidudal\.m2\repository\org\springframework\boot\spring-boot-test-autoconfigure\1.5.9.RELEASE\spring-boot-test-autoconfigure-1.5.9.RELEASE.jar;C:\Users\cvidudal\.m2\repository\com\jayway\jsonpath\json-path\2.2.0\json-path-2.2.0.jar;C:\Users\cvidudal\.m2\repository\net\minidev\json-smart\2.2.1\json-smart-2.2.1.jar;C:\Users\cvidudal\.m2\repository\net\minidev\accessors-smart\1.1\accessors-smart-1.1.jar;C:\Users\cvidudal\.m2\repository\org\ow2\asm\asm\5.0.3\asm-5.0.3.jar;C:\Users\cvidudal\.m2\repository\junit\junit\4.12\junit-4.12.jar;C:\Users\cvidudal\.m2\repository\org\assertj\assertj-core\2.6.0\assertj-core-2.6.0.jar;C:\Users\cvidudal\.m2\repository\org\mockito\mockito-core\1.10.19\mockito-core-1.10.19.jar;C:\Users\cvidudal\.m2\repository\org\objenesis\objenesis\2.1\objenesis-2.1.jar;C:\Users\cvidudal\.m2\repository\org\hamcrest\hamcrest-core\1.3\hamcrest-core-1.3.jar;C:\Users\cvidudal\.m2\repository\org\hamcrest\hamcrest-library\1.3\hamcrest-library-1.3.jar;C:\Users\cvidudal\.m2\repository\org\skyscreamer\jsonassert\1.4.0\jsonassert-1.4.0.jar;C:\Users\cvidudal\.m2\repository\com\vaadin\external\google\android-json\0.0.20131108.vaadin1\android-json-0.0.20131108.vaadin1.jar;C:\Users\cvidudal\.m2\repository\org\springframework\spring-core\4.3.13.RELEASE\spring-core-4.3.13.RELEASE.jar;C:\Users\cvidudal\.m2\repository\org\springframework\spring-test\4.3.13.RELEASE\spring-test-4.3.13.RELEASE.jar;, sun.cpu.endian=little, user.home=C:\Users\cvidudal, user.language=en, java.specification.vendor=Oracle Corporation, java.version.date=2018-09-25, java.home=C:\jdk-11, file.separator=\, style.color=always, basedir=C:\Subbu_Code\micropay\admin-server, java.vm.compressedOopsMode=Zero based, line.separator=
, java.specification.name=Java Platform API Specification, java.vm.specification.vendor=Oracle Corporation, java.awt.graphicsenv=sun.awt.Win32GraphicsEnvironment, surefire.real.class.path=C:\Subbu_Code\micropay\admin-server\target\surefire\surefirebooter16740791921538245977.jar, user.script=, sun.management.compiler=HotSpot 64-Bit Tiered Compilers, java.runtime.version=11+28, user.name=cvidudal, path.separator=;, os.version=10.0, java.runtime.name=OpenJDK Runtime Environment, file.encoding=Cp1252, java.vm.name=OpenJDK 64-Bit Server VM, java.vendor.version=18.9, localRepository=C:\Users\cvidudal\.m2\repository, java.vendor.url.bug=http://bugreport.java.com/bugreport/, java.io.tmpdir=C:\Users\cvidudal\AppData\Local\Temp\, java.version=11, user.dir=C:\Subbu_Code\micropay\admin-server, os.arch=amd64, java.vm.specification.name=Java Virtual Machine Specification, java.awt.printerjob=sun.awt.windows.WPrinterJob, sun.os.patch.level=, java.library.path=C:\jdk-11\bin;C:\WINDOWS\Sun\Java\bin;C:\WINDOWS\system32;C:\WINDOWS;C:/jdk1.8.0_151/bin/../jre/bin/server;C:/jdk1.8.0_151/bin/../jre/bin;C:/jdk1.8.0_151/bin/../jre/lib/amd64;C:\Program Files (x86)\Microsoft SDKs\Azure\CLI2\wbin;C:\WINDOWS\system32;C:\WINDOWS;C:\WINDOWS\System32\Wbem;C:\WINDOWS\System32\WindowsPowerShell\v1.0\;C:\WINDOWS\System32\OpenSSH\;C:\WINDOWS\CCM;C:\WINDOWS\CCM;C:\Program Files (x86)\Symantec\VIP Access Client\;C:\Program Files\Intel\WiFi\bin\;C:\Program Files\Common Files\Intel\WirelessCommon\;C:\Program Files (x86)\Intel\Intel(R) Management Engine Components\DAL;C:\Program Files\Intel\Intel(R) Management Engine Components\DAL;C:\kube;C:\jdk1.8.0_151\bin;C:\Program Files\Perforce\;C:\Program Files\nodejs\;C:\apache-ant-1.9.14\bin;C:\apache-maven-3.6.2\bin;C:\Softwares\google-cloud-sdk\bin;C:\Program Files\Git\cmd;C:\Program Files\dotnet\;C:\Program Files\Microsoft SQL Server\130\Tools\Binn\;C:\Program Files\Microsoft SQL Server\Client SDK\ODBC\170\Tools\Binn\;C:\Users\cvidudal\AppData\Local\Programs\Python\Python36\Scripts\;C:\Users\cvidudal\AppData\Local\Programs\Python\Python36\;C:\Users\cvidudal\AppData\Local\Programs\Python\Python37\Scripts\;C:\Users\cvidudal\AppData\Local\Programs\Python\Python37\;C:\Users\cvidudal\AppData\Local\Microsoft\WindowsApps;C:\Users\cvidudal\AppData\Roaming\npm;C:\Users\cvidudal\AppData\Local\Programs\Microsoft VS Code\bin;C:\Program Files\JetBrains\IntelliJ IDEA Community Edition 2019.2.3\bin;;C:\Users\cvidudal\AppData\Local\GitHubDesktop\bin;C:\SpringTool-4.3.2;;., java.vendor=Oracle Corporation, java.vm.info=mixed mode, java.vm.version=11+28, sun.io.unicode.encoding=UnicodeLittle, java.class.version=55.0}}, SystemEnvironmentPropertySource@775386112 {name='systemEnvironment', properties={PATH=C:/jdk1.8.0_151/bin/../jre/bin/server;C:/jdk1.8.0_151/bin/../jre/bin;C:/jdk1.8.0_151/bin/../jre/lib/amd64;C:\Program Files (x86)\Microsoft SDKs\Azure\CLI2\wbin;C:\WINDOWS\system32;C:\WINDOWS;C:\WINDOWS\System32\Wbem;C:\WINDOWS\System32\WindowsPowerShell\v1.0\;C:\WINDOWS\System32\OpenSSH\;C:\WINDOWS\CCM;C:\WINDOWS\CCM;C:\Program Files (x86)\Symantec\VIP Access Client\;C:\Program Files\Intel\WiFi\bin\;C:\Program Files\Common Files\Intel\WirelessCommon\;C:\Program Files (x86)\Intel\Intel(R) Management Engine Components\DAL;C:\Program Files\Intel\Intel(R) Management Engine Components\DAL;C:\kube;C:\jdk1.8.0_151\bin;C:\Program Files\Perforce\;C:\Program Files\nodejs\;C:\apache-ant-1.9.14\bin;C:\apache-maven-3.6.2\bin;C:\Softwares\google-cloud-sdk\bin;C:\Program Files\Git\cmd;C:\Program Files\dotnet\;C:\Program Files\Microsoft SQL Server\130\Tools\Binn\;C:\Program Files\Microsoft SQL Server\Client SDK\ODBC\170\Tools\Binn\;C:\Users\cvidudal\AppData\Local\Programs\Python\Python36\Scripts\;C:\Users\cvidudal\AppData\Local\Programs\Python\Python36\;C:\Users\cvidudal\AppData\Local\Programs\Python\Python37\Scripts\;C:\Users\cvidudal\AppData\Local\Programs\Python\Python37\;C:\Users\cvidudal\AppData\Local\Microsoft\WindowsApps;C:\Users\cvidudal\AppData\Roaming\npm;C:\Users\cvidudal\AppData\Local\Programs\Microsoft VS Code\bin;C:\Program Files\JetBrains\IntelliJ IDEA Community Edition 2019.2.3\bin;;C:\Users\cvidudal\AppData\Local\GitHubDesktop\bin;C:\SpringTool-4.3.2;, USERDOMAIN_ROAMINGPROFILE=OPENTEXT, PROCESSOR_LEVEL=6, SYSTEMDRIVE=C:, SESSIONNAME=Console, ALLUSERSPROFILE=C:\ProgramData, PROCESSOR_ARCHITECTURE=AMD64, DRIVERDATA=C:\Windows\System32\Drivers\DriverData, PROGRAMFILES=C:\Program Files, PSMODULEPATH=C:\Program Files\WindowsPowerShell\Modules;C:\WINDOWS\system32\WindowsPowerShell\v1.0\Modules, PROGRAMDATA=C:\ProgramData, USERNAME=cvidudal, USERDNSDOMAIN=OPENTEXT.NET, FPS_BROWSER_USER_PROFILE_STRING=Default, ONEDRIVE=C:\Users\cvidudal\OneDrive, PATHEXT=.COM;.EXE;.BAT;.CMD;.VBS;.VBE;.JS;.JSE;.WSF;.WSH;.MSC, SSF_LIBRARY_PATH_64=C:\Program Files\SAP\FrontEnd\SecureLogin\lib\sapcrypto.dll, SSF_LIBRARY_PATH=C:\Program Files (x86)\SAP\FrontEnd\SecureLogin\lib\sapcrypto.dll, WINDIR=C:\WINDOWS, HOMEPATH=\Users\cvidudal, PROCESSOR_IDENTIFIER=Intel64 Family 6 Model 158 Stepping 9, GenuineIntel, PUBLIC=C:\Users\Public, =::=::\, LOCALAPPDATA=C:\Users\cvidudal\AppData\Local, COMMONPROGRAMFILES(X86)=C:\Program Files (x86)\Common Files, USERDOMAIN=OPENTEXT, FPS_BROWSER_APP_PROFILE_STRING=Internet Explorer, LOGONSERVER=\\OTBANDC01, JAVA_HOME=C:\jdk1.8.0_151, PROMPT=$P$G, PROGRAMFILES(X86)=C:\Program Files (x86), ANT_HOME=C:\apache-ant-1.9.14, =C:=C:\Subbu_Code\micropay\admin-server, APPDATA=C:\Users\cvidudal\AppData\Roaming, PROGRAMW6432=C:\Program Files, SYSTEMROOT=C:\WINDOWS, OS=Windows_NT, COMMONPROGRAMW6432=C:\Program Files\Common Files, COMPUTERNAME=CVIDUDALPF0TUCX, INTELLIJ IDEA COMMUNITY EDITION=C:\Program Files\JetBrains\IntelliJ IDEA Community Edition 2019.2.3\bin;, COMMONPROGRAMFILES=C:\Program Files\Common Files, COMSPEC=C:\WINDOWS\system32\cmd.exe, PROCESSOR_REVISION=9e09, UATDATA=C:\WINDOWS\CCM\UATData\D9F8C395-CAB8-491d-B8AC-179A1FE1BE77, SNC_LIB_64=C:\Program Files\SAP\FrontEnd\SecureLogin\lib\sapcrypto.dll, TEMP=C:\Users\cvidudal\AppData\Local\Temp, HOMEDRIVE=C:, SNC_LIB=C:\Program Files (x86)\SAP\FrontEnd\SecureLogin\lib\sapcrypto.dll, USERPROFILE=C:\Users\cvidudal, TMP=C:\Users\cvidudal\AppData\Local\Temp, NUMBER_OF_PROCESSORS=8}}]
19:52:21.558 [main] DEBUG org.springframework.core.io.support.PathMatchingResourcePatternResolver - Resolved classpath location [com/self/sprintboot/learning/eureka/] to resources [URL [file:/C:/Subbu_Code/micropay/admin-server/target/test-classes/com/self/sprintboot/learning/eureka/]]
19:52:21.559 [main] DEBUG org.springframework.core.io.support.PathMatchingResourcePatternResolver - Looking for matching resources in directory tree [C:\Subbu_Code\micropay\admin-server\target\test-classes\com\self\sprintboot\learning\eureka]
19:52:21.560 [main] DEBUG org.springframework.core.io.support.PathMatchingResourcePatternResolver - Searching directory [C:\Subbu_Code\micropay\admin-server\target\test-classes\com\self\sprintboot\learning\eureka] for files matching pattern [C:/Subbu_Code/micropay/admin-server/target/test-classes/com/self/sprintboot/learning/eureka/*.class]
19:52:21.569 [main] DEBUG org.springframework.core.io.support.PathMatchingResourcePatternResolver - Resolved location pattern [classpath*:com/self/sprintboot/learning/eureka/*.class] to resources [file [C:\Subbu_Code\micropay\admin-server\target\test-classes\com\self\sprintboot\learning\eureka\EurekaServerApplicationTests.class]]
19:52:21.606 [main] DEBUG org.springframework.core.io.support.PathMatchingResourcePatternResolver - Resolved classpath location [com/self/sprintboot/learning/] to resources [URL [file:/C:/Subbu_Code/micropay/admin-server/target/test-classes/com/self/sprintboot/learning/]]
19:52:21.606 [main] DEBUG org.springframework.core.io.support.PathMatchingResourcePatternResolver - Looking for matching resources in directory tree [C:\Subbu_Code\micropay\admin-server\target\test-classes\com\self\sprintboot\learning]
19:52:21.607 [main] DEBUG org.springframework.core.io.support.PathMatchingResourcePatternResolver - Searching directory [C:\Subbu_Code\micropay\admin-server\target\test-classes\com\self\sprintboot\learning] for files matching pattern [C:/Subbu_Code/micropay/admin-server/target/test-classes/com/self/sprintboot/learning/*.class]
19:52:21.608 [main] DEBUG org.springframework.core.io.support.PathMatchingResourcePatternResolver - Resolved location pattern [classpath*:com/self/sprintboot/learning/*.class] to resources []
19:52:21.614 [main] DEBUG org.springframework.core.io.support.PathMatchingResourcePatternResolver - Resolved classpath location [com/self/sprintboot/] to resources [URL [file:/C:/Subbu_Code/micropay/admin-server/target/test-classes/com/self/sprintboot/]]
19:52:21.614 [main] DEBUG org.springframework.core.io.support.PathMatchingResourcePatternResolver - Looking for matching resources in directory tree [C:\Subbu_Code\micropay\admin-server\target\test-classes\com\self\sprintboot]
19:52:21.615 [main] DEBUG org.springframework.core.io.support.PathMatchingResourcePatternResolver - Searching directory [C:\Subbu_Code\micropay\admin-server\target\test-classes\com\self\sprintboot] for files matching pattern [C:/Subbu_Code/micropay/admin-server/target/test-classes/com/self/sprintboot/*.class]
19:52:21.617 [main] DEBUG org.springframework.core.io.support.PathMatchingResourcePatternResolver - Resolved location pattern [classpath*:com/self/sprintboot/*.class] to resources []
19:52:21.618 [main] DEBUG org.springframework.core.io.support.PathMatchingResourcePatternResolver - Resolved classpath location [com/self/] to resources [URL [file:/C:/Subbu_Code/micropay/admin-server/target/test-classes/com/self/]]
19:52:21.618 [main] DEBUG org.springframework.core.io.support.PathMatchingResourcePatternResolver - Looking for matching resources in directory tree [C:\Subbu_Code\micropay\admin-server\target\test-classes\com\self]
19:52:21.619 [main] DEBUG org.springframework.core.io.support.PathMatchingResourcePatternResolver - Searching directory [C:\Subbu_Code\micropay\admin-server\target\test-classes\com\self] for files matching pattern [C:/Subbu_Code/micropay/admin-server/target/test-classes/com/self/*.class]
19:52:21.620 [main] DEBUG org.springframework.core.io.support.PathMatchingResourcePatternResolver - Resolved location pattern [classpath*:com/self/*.class] to resources []
19:52:21.622 [main] DEBUG org.springframework.core.io.support.PathMatchingResourcePatternResolver - Resolved classpath location [com/] to resources [URL [file:/C:/Subbu_Code/micropay/admin-server/target/test-classes/com/], URL [file:/C:/Subbu_Code/micropay/admin-server/target/classes/com/], URL [jar:file:/C:/Users/cvidudal/.m2/repository/com/fasterxml/jackson/core/jackson-databind/2.8.10/jackson-databind-2.8.10.jar!/com/], URL [jar:file:/C:/Users/cvidudal/.m2/repository/com/fasterxml/jackson/core/jackson-annotations/2.8.0/jackson-annotations-2.8.0.jar!/com/], URL [jar:file:/C:/Users/cvidudal/.m2/repository/com/fasterxml/jackson/core/jackson-core/2.8.10/jackson-core-2.8.10.jar!/com/], URL [jar:file:/C:/Users/cvidudal/.m2/repository/com/netflix/zuul/zuul-core/1.3.0/zuul-core-1.3.0.jar!/com/], URL [jar:file:/C:/Users/cvidudal/.m2/repository/com/netflix/archaius/archaius-core/0.7.4/archaius-core-0.7.4.jar!/com/], URL [jar:file:/C:/Users/cvidudal/.m2/repository/com/google/guava/guava/18.0/guava-18.0.jar!/com/], URL [jar:file:/C:/Users/cvidudal/.m2/repository/com/netflix/servo/servo-core/0.10.1/servo-core-0.10.1.jar!/com/], URL [jar:file:/C:/Users/cvidudal/.m2/repository/com/netflix/servo/servo-internal/0.10.1/servo-internal-0.10.1.jar!/com/], URL [jar:file:/C:/Users/cvidudal/.m2/repository/com/netflix/netflix-commons/netflix-commons-util/0.1.1/netflix-commons-util-0.1.1.jar!/com/], URL [jar:file:/C:/Users/cvidudal/.m2/repository/com/netflix/hystrix/hystrix-core/1.5.12/hystrix-core-1.5.12.jar!/com/], URL [jar:file:/C:/Users/cvidudal/.m2/repository/com/fasterxml/classmate/1.3.4/classmate-1.3.4.jar!/com/], URL [jar:file:/C:/Users/cvidudal/.m2/repository/com/jayway/jsonpath/json-path/2.2.0/json-path-2.2.0.jar!/com/]]
19:52:21.623 [main] DEBUG org.springframework.core.io.support.PathMatchingResourcePatternResolver - Looking for matching resources in directory tree [C:\Subbu_Code\micropay\admin-server\target\test-classes\com]
19:52:21.624 [main] DEBUG org.springframework.core.io.support.PathMatchingResourcePatternResolver - Searching directory [C:\Subbu_Code\micropay\admin-server\target\test-classes\com] for files matching pattern [C:/Subbu_Code/micropay/admin-server/target/test-classes/com/*.class]
19:52:21.625 [main] DEBUG org.springframework.core.io.support.PathMatchingResourcePatternResolver - Looking for matching resources in directory tree [C:\Subbu_Code\micropay\admin-server\target\classes\com]
19:52:21.625 [main] DEBUG org.springframework.core.io.support.PathMatchingResourcePatternResolver - Searching directory [C:\Subbu_Code\micropay\admin-server\target\classes\com] for files matching pattern [C:/Subbu_Code/micropay/admin-server/target/classes/com/*.class]
19:52:21.628 [main] DEBUG org.springframework.core.io.support.PathMatchingResourcePatternResolver - Looking for matching resources in jar file [file:/C:/Users/cvidudal/.m2/repository/com/fasterxml/jackson/core/jackson-databind/2.8.10/jackson-databind-2.8.10.jar]
19:52:21.654 [main] DEBUG org.springframework.core.io.support.PathMatchingResourcePatternResolver - Looking for matching resources in jar file [file:/C:/Users/cvidudal/.m2/repository/com/fasterxml/jackson/core/jackson-annotations/2.8.0/jackson-annotations-2.8.0.jar]
19:52:21.657 [main] DEBUG org.springframework.core.io.support.PathMatchingResourcePatternResolver - Looking for matching resources in jar file [file:/C:/Users/cvidudal/.m2/repository/com/fasterxml/jackson/core/jackson-core/2.8.10/jackson-core-2.8.10.jar]
19:52:21.660 [main] DEBUG org.springframework.core.io.support.PathMatchingResourcePatternResolver - Looking for matching resources in jar file [file:/C:/Users/cvidudal/.m2/repository/com/netflix/zuul/zuul-core/1.3.0/zuul-core-1.3.0.jar]
19:52:21.662 [main] DEBUG org.springframework.core.io.support.PathMatchingResourcePatternResolver - Looking for matching resources in jar file [file:/C:/Users/cvidudal/.m2/repository/com/netflix/archaius/archaius-core/0.7.4/archaius-core-0.7.4.jar]
19:52:21.667 [main] DEBUG org.springframework.core.io.support.PathMatchingResourcePatternResolver - Looking for matching resources in jar file [file:/C:/Users/cvidudal/.m2/repository/com/google/guava/guava/18.0/guava-18.0.jar]
19:52:21.732 [main] DEBUG org.springframework.core.io.support.PathMatchingResourcePatternResolver - Looking for matching resources in jar file [file:/C:/Users/cvidudal/.m2/repository/com/netflix/servo/servo-core/0.10.1/servo-core-0.10.1.jar]
19:52:21.734 [main] DEBUG org.springframework.core.io.support.PathMatchingResourcePatternResolver - Looking for matching resources in jar file [file:/C:/Users/cvidudal/.m2/repository/com/netflix/servo/servo-internal/0.10.1/servo-internal-0.10.1.jar]
19:52:21.737 [main] DEBUG org.springframework.core.io.support.PathMatchingResourcePatternResolver - Looking for matching resources in jar file [file:/C:/Users/cvidudal/.m2/repository/com/netflix/netflix-commons/netflix-commons-util/0.1.1/netflix-commons-util-0.1.1.jar]
19:52:21.738 [main] DEBUG org.springframework.core.io.support.PathMatchingResourcePatternResolver - Looking for matching resources in jar file [file:/C:/Users/cvidudal/.m2/repository/com/netflix/hystrix/hystrix-core/1.5.12/hystrix-core-1.5.12.jar]
19:52:21.742 [main] DEBUG org.springframework.core.io.support.PathMatchingResourcePatternResolver - Looking for matching resources in jar file [file:/C:/Users/cvidudal/.m2/repository/com/fasterxml/classmate/1.3.4/classmate-1.3.4.jar]
19:52:21.744 [main] DEBUG org.springframework.core.io.support.PathMatchingResourcePatternResolver - Looking for matching resources in jar file [file:/C:/Users/cvidudal/.m2/repository/com/jayway/jsonpath/json-path/2.2.0/json-path-2.2.0.jar]
19:52:21.745 [main] DEBUG org.springframework.core.io.support.PathMatchingResourcePatternResolver - Resolved location pattern [classpath*:com/*.class] to resources []
19:52:21.761 [main] DEBUG org.springframework.test.context.junit4.SpringJUnit4ClassRunner - SpringJUnit4ClassRunner constructor called with [class com.self.sprintboot.learning.eureka.EurekaServerApplicationTests]
19:52:21.763 [main] DEBUG org.springframework.test.context.BootstrapUtils - Instantiating CacheAwareContextLoaderDelegate from class [org.springframework.test.context.cache.DefaultCacheAwareContextLoaderDelegate]
19:52:21.763 [main] DEBUG org.springframework.test.context.BootstrapUtils - Instantiating BootstrapContext using constructor [public org.springframework.test.context.support.DefaultBootstrapContext(java.lang.Class,org.springframework.test.context.CacheAwareContextLoaderDelegate)]
19:52:21.766 [main] DEBUG org.springframework.test.context.BootstrapUtils - Instantiating TestContextBootstrapper for test class [com.self.sprintboot.learning.eureka.EurekaServerApplicationTests] from class [org.springframework.boot.test.context.SpringBootTestContextBootstrapper]
19:52:21.767 [main] INFO org.springframework.boot.test.context.SpringBootTestContextBootstrapper - Neither @ContextConfiguration nor @ContextHierarchy found for test class [com.self.sprintboot.learning.eureka.EurekaServerApplicationTests], using SpringBootContextLoader
19:52:21.769 [main] DEBUG org.springframework.test.context.support.AbstractContextLoader - Did not detect default resource location for test class [com.self.sprintboot.learning.eureka.EurekaServerApplicationTests]: class path resource [com/self/sprintboot/learning/eureka/EurekaServerApplicationTests-context.xml] does not exist
19:52:21.771 [main] DEBUG org.springframework.test.context.support.AbstractContextLoader - Did not detect default resource location for test class [com.self.sprintboot.learning.eureka.EurekaServerApplicationTests]: class path resource [com/self/sprintboot/learning/eureka/EurekaServerApplicationTestsContext.groovy] does not exist
19:52:21.771 [main] INFO org.springframework.test.context.support.AbstractContextLoader - Could not detect default resource locations for test class [com.self.sprintboot.learning.eureka.EurekaServerApplicationTests]: no resource found for suffixes {-context.xml, Context.groovy}.
19:52:21.771 [main] INFO org.springframework.test.context.support.AnnotationConfigContextLoaderUtils - Could not detect default configuration classes for test class [com.self.sprintboot.learning.eureka.EurekaServerApplicationTests]: EurekaServerApplicationTests does not declare any static, non-private, non-final, nested classes annotated with @Configuration.
19:52:21.818 [main] DEBUG org.springframework.test.context.support.ActiveProfilesUtils - Could not find an 'annotation declaring class' for annotation type [org.springframework.test.context.ActiveProfiles] and class [com.self.sprintboot.learning.eureka.EurekaServerApplicationTests]
19:52:21.818 [main] DEBUG org.springframework.core.env.StandardEnvironment - Adding PropertySource 'systemProperties' with lowest search precedence
19:52:21.818 [main] DEBUG org.springframework.core.env.StandardEnvironment - Adding PropertySource 'systemEnvironment' with lowest search precedence
19:52:21.819 [main] DEBUG org.springframework.core.env.StandardEnvironment - Initialized StandardEnvironment with PropertySources [MapPropertySource@1427040229 {name='systemProperties', properties={sun.desktop=windows, awt.toolkit=sun.awt.windows.WToolkit, java.specification.version=11, sun.cpu.isalist=amd64, sun.jnu.encoding=Cp1252, java.class.path=C:\Subbu_Code\micropay\admin-server\target\test-classes;C:\Subbu_Code\micropay\admin-server\target\classes;C:\Users\cvidudal\.m2\repository\de\codecentric\spring-boot-admin-server\1.5.7\spring-boot-admin-server-1.5.7.jar;C:\Users\cvidudal\.m2\repository\org\springframework\boot\spring-boot-starter-actuator\1.5.9.RELEASE\spring-boot-starter-actuator-1.5.9.RELEASE.jar;C:\Users\cvidudal\.m2\repository\org\springframework\boot\spring-boot-actuator\1.5.9.RELEASE\spring-boot-actuator-1.5.9.RELEASE.jar;C:\Users\cvidudal\.m2\repository\com\fasterxml\jackson\core\jackson-databind\2.8.10\jackson-databind-2.8.10.jar;C:\Users\cvidudal\.m2\repository\com\fasterxml\jackson\core\jackson-annotations\2.8.0\jackson-annotations-2.8.0.jar;C:\Users\cvidudal\.m2\repository\com\fasterxml\jackson\core\jackson-core\2.8.10\jackson-core-2.8.10.jar;C:\Users\cvidudal\.m2\repository\com\netflix\zuul\zuul-core\1.3.0\zuul-core-1.3.0.jar;C:\Users\cvidudal\.m2\repository\commons-io\commons-io\2.4\commons-io-2.4.jar;C:\Users\cvidudal\.m2\repository\org\slf4j\slf4j-api\1.7.25\slf4j-api-1.7.25.jar;C:\Users\cvidudal\.m2\repository\com\netflix\archaius\archaius-core\0.7.4\archaius-core-0.7.4.jar;C:\Users\cvidudal\.m2\repository\com\google\code\findbugs\jsr305\3.0.1\jsr305-3.0.1.jar;C:\Users\cvidudal\.m2\repository\commons-configuration\commons-configuration\1.8\commons-configuration-1.8.jar;C:\Users\cvidudal\.m2\repository\commons-lang\commons-lang\2.6\commons-lang-2.6.jar;C:\Users\cvidudal\.m2\repository\com\google\guava\guava\18.0\guava-18.0.jar;C:\Users\cvidudal\.m2\repository\com\netflix\servo\servo-core\0.10.1\servo-core-0.10.1.jar;C:\Users\cvidudal\.m2\repository\com\netflix\servo\servo-internal\0.10.1\servo-internal-0.10.1.jar;C:\Users\cvidudal\.m2\repository\com\netflix\netflix-commons\netflix-commons-util\0.1.1\netflix-commons-util-0.1.1.jar;C:\Users\cvidudal\.m2\repository\com\netflix\hystrix\hystrix-core\1.5.12\hystrix-core-1.5.12.jar;C:\Users\cvidudal\.m2\repository\io\reactivex\rxjava\1.2.0\rxjava-1.2.0.jar;C:\Users\cvidudal\.m2\repository\org\hdrhistogram\HdrHistogram\2.1.9\HdrHistogram-2.1.9.jar;C:\Users\cvidudal\.m2\repository\org\springframework\cloud\spring-cloud-netflix-core\1.4.3.RELEASE\spring-cloud-netflix-core-1.4.3.RELEASE.jar;C:\Users\cvidudal\.m2\repository\org\springframework\boot\spring-boot\1.5.9.RELEASE\spring-boot-1.5.9.RELEASE.jar;C:\Users\cvidudal\.m2\repository\org\springframework\boot\spring-boot-autoconfigure\1.5.9.RELEASE\spring-boot-autoconfigure-1.5.9.RELEASE.jar;C:\Users\cvidudal\.m2\repository\org\springframework\cloud\spring-cloud-context\1.3.2.RELEASE\spring-cloud-context-1.3.2.RELEASE.jar;C:\Users\cvidudal\.m2\repository\org\springframework\security\spring-security-crypto\4.2.3.RELEASE\spring-security-crypto-4.2.3.RELEASE.jar;C:\Users\cvidudal\.m2\repository\org\springframework\cloud\spring-cloud-commons\1.3.2.RELEASE\spring-cloud-commons-1.3.2.RELEASE.jar;C:\Users\cvidudal\.m2\repository\org\apache\httpcomponents\httpclient\4.5.3\httpclient-4.5.3.jar;C:\Users\cvidudal\.m2\repository\org\apache\httpcomponents\httpcore\4.4.8\httpcore-4.4.8.jar;C:\Users\cvidudal\.m2\repository\commons-codec\commons-codec\1.10\commons-codec-1.10.jar;C:\Users\cvidudal\.m2\repository\de\codecentric\spring-boot-admin-server-ui\1.5.7\spring-boot-admin-server-ui-1.5.7.jar;C:\Users\cvidudal\.m2\repository\org\springframework\boot\spring-boot-starter-web\1.5.9.RELEASE\spring-boot-starter-web-1.5.9.RELEASE.jar;C:\Users\cvidudal\.m2\repository\org\springframework\boot\spring-boot-starter\1.5.9.RELEASE\spring-boot-starter-1.5.9.RELEASE.jar;C:\Users\cvidudal\.m2\repository\org\springframework\boot\spring-boot-starter-logging\1.5.9.RELEASE\spring-boot-starter-logging-1.5.9.RELEASE.jar;C:\Users\cvidudal\.m2\repository\ch\qos\logback\logback-classic\1.1.11\logback-classic-1.1.11.jar;C:\Users\cvidudal\.m2\repository\ch\qos\logback\logback-core\1.1.11\logback-core-1.1.11.jar;C:\Users\cvidudal\.m2\repository\org\slf4j\jcl-over-slf4j\1.7.25\jcl-over-slf4j-1.7.25.jar;C:\Users\cvidudal\.m2\repository\org\slf4j\jul-to-slf4j\1.7.25\jul-to-slf4j-1.7.25.jar;C:\Users\cvidudal\.m2\repository\org\slf4j\log4j-over-slf4j\1.7.25\log4j-over-slf4j-1.7.25.jar;C:\Users\cvidudal\.m2\repository\org\yaml\snakeyaml\1.17\snakeyaml-1.17.jar;C:\Users\cvidudal\.m2\repository\org\springframework\boot\spring-boot-starter-tomcat\1.5.9.RELEASE\spring-boot-starter-tomcat-1.5.9.RELEASE.jar;C:\Users\cvidudal\.m2\repository\org\apache\tomcat\embed\tomcat-embed-core\8.5.23\tomcat-embed-core-8.5.23.jar;C:\Users\cvidudal\.m2\repository\org\apache\tomcat\tomcat-annotations-api\8.5.23\tomcat-annotations-api-8.5.23.jar;C:\Users\cvidudal\.m2\repository\org\apache\tomcat\embed\tomcat-embed-el\8.5.23\tomcat-embed-el-8.5.23.jar;C:\Users\cvidudal\.m2\repository\org\apache\tomcat\embed\tomcat-embed-websocket\8.5.23\tomcat-embed-websocket-8.5.23.jar;C:\Users\cvidudal\.m2\repository\org\hibernate\hibernate-validator\5.3.6.Final\hibernate-validator-5.3.6.Final.jar;C:\Users\cvidudal\.m2\repository\javax\validation\validation-api\1.1.0.Final\validation-api-1.1.0.Final.jar;C:\Users\cvidudal\.m2\repository\org\jboss\logging\jboss-logging\3.3.1.Final\jboss-logging-3.3.1.Final.jar;C:\Users\cvidudal\.m2\repository\com\fasterxml\classmate\1.3.4\classmate-1.3.4.jar;C:\Users\cvidudal\.m2\repository\org\springframework\spring-web\4.3.13.RELEASE\spring-web-4.3.13.RELEASE.jar;C:\Users\cvidudal\.m2\repository\org\springframework\spring-aop\4.3.13.RELEASE\spring-aop-4.3.13.RELEASE.jar;C:\Users\cvidudal\.m2\repository\org\springframework\spring-beans\4.3.13.RELEASE\spring-beans-4.3.13.RELEASE.jar;C:\Users\cvidudal\.m2\repository\org\springframework\spring-context\4.3.13.RELEASE\spring-context-4.3.13.RELEASE.jar;C:\Users\cvidudal\.m2\repository\org\springframework\spring-webmvc\4.3.13.RELEASE\spring-webmvc-4.3.13.RELEASE.jar;C:\Users\cvidudal\.m2\repository\org\springframework\spring-expression\4.3.13.RELEASE\spring-expression-4.3.13.RELEASE.jar;C:\Users\cvidudal\.m2\repository\org\springframework\boot\spring-boot-starter-test\1.5.9.RELEASE\spring-boot-starter-test-1.5.9.RELEASE.jar;C:\Users\cvidudal\.m2\repository\org\springframework\boot\spring-boot-test\1.5.9.RELEASE\spring-boot-test-1.5.9.RELEASE.jar;C:\Users\cvidudal\.m2\repository\org\springframework\boot\spring-boot-test-autoconfigure\1.5.9.RELEASE\spring-boot-test-autoconfigure-1.5.9.RELEASE.jar;C:\Users\cvidudal\.m2\repository\com\jayway\jsonpath\json-path\2.2.0\json-path-2.2.0.jar;C:\Users\cvidudal\.m2\repository\net\minidev\json-smart\2.2.1\json-smart-2.2.1.jar;C:\Users\cvidudal\.m2\repository\net\minidev\accessors-smart\1.1\accessors-smart-1.1.jar;C:\Users\cvidudal\.m2\repository\org\ow2\asm\asm\5.0.3\asm-5.0.3.jar;C:\Users\cvidudal\.m2\repository\junit\junit\4.12\junit-4.12.jar;C:\Users\cvidudal\.m2\repository\org\assertj\assertj-core\2.6.0\assertj-core-2.6.0.jar;C:\Users\cvidudal\.m2\repository\org\mockito\mockito-core\1.10.19\mockito-core-1.10.19.jar;C:\Users\cvidudal\.m2\repository\org\objenesis\objenesis\2.1\objenesis-2.1.jar;C:\Users\cvidudal\.m2\repository\org\hamcrest\hamcrest-core\1.3\hamcrest-core-1.3.jar;C:\Users\cvidudal\.m2\repository\org\hamcrest\hamcrest-library\1.3\hamcrest-library-1.3.jar;C:\Users\cvidudal\.m2\repository\org\skyscreamer\jsonassert\1.4.0\jsonassert-1.4.0.jar;C:\Users\cvidudal\.m2\repository\com\vaadin\external\google\android-json\0.0.20131108.vaadin1\android-json-0.0.20131108.vaadin1.jar;C:\Users\cvidudal\.m2\repository\org\springframework\spring-core\4.3.13.RELEASE\spring-core-4.3.13.RELEASE.jar;C:\Users\cvidudal\.m2\repository\org\springframework\spring-test\4.3.13.RELEASE\spring-test-4.3.13.RELEASE.jar;, java.vm.vendor=Oracle Corporation, sun.arch.data.model=64, user.variant=, java.vendor.url=http://java.oracle.com/, user.timezone=Asia/Calcutta, os.name=Windows 10, java.vm.specification.version=11, sun.java.launcher=SUN_STANDARD, user.country=US, sun.boot.library.path=C:\jdk-11\bin, sun.java.command=C:\Subbu_Code\micropay\admin-server\target\surefire\surefirebooter16740791921538245977.jar C:\Subbu_Code\micropay\admin-server\target\surefire\surefire3508021959746139656tmp C:\Subbu_Code\micropay\admin-server\target\surefire\surefire_06981327707766632969tmp, jdk.debug=release, surefire.test.class.path=C:\Subbu_Code\micropay\admin-server\target\test-classes;C:\Subbu_Code\micropay\admin-server\target\classes;C:\Users\cvidudal\.m2\repository\de\codecentric\spring-boot-admin-server\1.5.7\spring-boot-admin-server-1.5.7.jar;C:\Users\cvidudal\.m2\repository\org\springframework\boot\spring-boot-starter-actuator\1.5.9.RELEASE\spring-boot-starter-actuator-1.5.9.RELEASE.jar;C:\Users\cvidudal\.m2\repository\org\springframework\boot\spring-boot-actuator\1.5.9.RELEASE\spring-boot-actuator-1.5.9.RELEASE.jar;C:\Users\cvidudal\.m2\repository\com\fasterxml\jackson\core\jackson-databind\2.8.10\jackson-databind-2.8.10.jar;C:\Users\cvidudal\.m2\repository\com\fasterxml\jackson\core\jackson-annotations\2.8.0\jackson-annotations-2.8.0.jar;C:\Users\cvidudal\.m2\repository\com\fasterxml\jackson\core\jackson-core\2.8.10\jackson-core-2.8.10.jar;C:\Users\cvidudal\.m2\repository\com\netflix\zuul\zuul-core\1.3.0\zuul-core-1.3.0.jar;C:\Users\cvidudal\.m2\repository\commons-io\commons-io\2.4\commons-io-2.4.jar;C:\Users\cvidudal\.m2\repository\org\slf4j\slf4j-api\1.7.25\slf4j-api-1.7.25.jar;C:\Users\cvidudal\.m2\repository\com\netflix\archaius\archaius-core\0.7.4\archaius-core-0.7.4.jar;C:\Users\cvidudal\.m2\repository\com\google\code\findbugs\jsr305\3.0.1\jsr305-3.0.1.jar;C:\Users\cvidudal\.m2\repository\commons-configuration\commons-configuration\1.8\commons-configuration-1.8.jar;C:\Users\cvidudal\.m2\repository\commons-lang\commons-lang\2.6\commons-lang-2.6.jar;C:\Users\cvidudal\.m2\repository\com\google\guava\guava\18.0\guava-18.0.jar;C:\Users\cvidudal\.m2\repository\com\netflix\servo\servo-core\0.10.1\servo-core-0.10.1.jar;C:\Users\cvidudal\.m2\repository\com\netflix\servo\servo-internal\0.10.1\servo-internal-0.10.1.jar;C:\Users\cvidudal\.m2\repository\com\netflix\netflix-commons\netflix-commons-util\0.1.1\netflix-commons-util-0.1.1.jar;C:\Users\cvidudal\.m2\repository\com\netflix\hystrix\hystrix-core\1.5.12\hystrix-core-1.5.12.jar;C:\Users\cvidudal\.m2\repository\io\reactivex\rxjava\1.2.0\rxjava-1.2.0.jar;C:\Users\cvidudal\.m2\repository\org\hdrhistogram\HdrHistogram\2.1.9\HdrHistogram-2.1.9.jar;C:\Users\cvidudal\.m2\repository\org\springframework\cloud\spring-cloud-netflix-core\1.4.3.RELEASE\spring-cloud-netflix-core-1.4.3.RELEASE.jar;C:\Users\cvidudal\.m2\repository\org\springframework\boot\spring-boot\1.5.9.RELEASE\spring-boot-1.5.9.RELEASE.jar;C:\Users\cvidudal\.m2\repository\org\springframework\boot\spring-boot-autoconfigure\1.5.9.RELEASE\spring-boot-autoconfigure-1.5.9.RELEASE.jar;C:\Users\cvidudal\.m2\repository\org\springframework\cloud\spring-cloud-context\1.3.2.RELEASE\spring-cloud-context-1.3.2.RELEASE.jar;C:\Users\cvidudal\.m2\repository\org\springframework\security\spring-security-crypto\4.2.3.RELEASE\spring-security-crypto-4.2.3.RELEASE.jar;C:\Users\cvidudal\.m2\repository\org\springframework\cloud\spring-cloud-commons\1.3.2.RELEASE\spring-cloud-commons-1.3.2.RELEASE.jar;C:\Users\cvidudal\.m2\repository\org\apache\httpcomponents\httpclient\4.5.3\httpclient-4.5.3.jar;C:\Users\cvidudal\.m2\repository\org\apache\httpcomponents\httpcore\4.4.8\httpcore-4.4.8.jar;C:\Users\cvidudal\.m2\repository\commons-codec\commons-codec\1.10\commons-codec-1.10.jar;C:\Users\cvidudal\.m2\repository\de\codecentric\spring-boot-admin-server-ui\1.5.7\spring-boot-admin-server-ui-1.5.7.jar;C:\Users\cvidudal\.m2\repository\org\springframework\boot\spring-boot-starter-web\1.5.9.RELEASE\spring-boot-starter-web-1.5.9.RELEASE.jar;C:\Users\cvidudal\.m2\repository\org\springframework\boot\spring-boot-starter\1.5.9.RELEASE\spring-boot-starter-1.5.9.RELEASE.jar;C:\Users\cvidudal\.m2\repository\org\springframework\boot\spring-boot-starter-logging\1.5.9.RELEASE\spring-boot-starter-logging-1.5.9.RELEASE.jar;C:\Users\cvidudal\.m2\repository\ch\qos\logback\logback-classic\1.1.11\logback-classic-1.1.11.jar;C:\Users\cvidudal\.m2\repository\ch\qos\logback\logback-core\1.1.11\logback-core-1.1.11.jar;C:\Users\cvidudal\.m2\repository\org\slf4j\jcl-over-slf4j\1.7.25\jcl-over-slf4j-1.7.25.jar;C:\Users\cvidudal\.m2\repository\org\slf4j\jul-to-slf4j\1.7.25\jul-to-slf4j-1.7.25.jar;C:\Users\cvidudal\.m2\repository\org\slf4j\log4j-over-slf4j\1.7.25\log4j-over-slf4j-1.7.25.jar;C:\Users\cvidudal\.m2\repository\org\yaml\snakeyaml\1.17\snakeyaml-1.17.jar;C:\Users\cvidudal\.m2\repository\org\springframework\boot\spring-boot-starter-tomcat\1.5.9.RELEASE\spring-boot-starter-tomcat-1.5.9.RELEASE.jar;C:\Users\cvidudal\.m2\repository\org\apache\tomcat\embed\tomcat-embed-core\8.5.23\tomcat-embed-core-8.5.23.jar;C:\Users\cvidudal\.m2\repository\org\apache\tomcat\tomcat-annotations-api\8.5.23\tomcat-annotations-api-8.5.23.jar;C:\Users\cvidudal\.m2\repository\org\apache\tomcat\embed\tomcat-embed-el\8.5.23\tomcat-embed-el-8.5.23.jar;C:\Users\cvidudal\.m2\repository\org\apache\tomcat\embed\tomcat-embed-websocket\8.5.23\tomcat-embed-websocket-8.5.23.jar;C:\Users\cvidudal\.m2\repository\org\hibernate\hibernate-validator\5.3.6.Final\hibernate-validator-5.3.6.Final.jar;C:\Users\cvidudal\.m2\repository\javax\validation\validation-api\1.1.0.Final\validation-api-1.1.0.Final.jar;C:\Users\cvidudal\.m2\repository\org\jboss\logging\jboss-logging\3.3.1.Final\jboss-logging-3.3.1.Final.jar;C:\Users\cvidudal\.m2\repository\com\fasterxml\classmate\1.3.4\classmate-1.3.4.jar;C:\Users\cvidudal\.m2\repository\org\springframework\spring-web\4.3.13.RELEASE\spring-web-4.3.13.RELEASE.jar;C:\Users\cvidudal\.m2\repository\org\springframework\spring-aop\4.3.13.RELEASE\spring-aop-4.3.13.RELEASE.jar;C:\Users\cvidudal\.m2\repository\org\springframework\spring-beans\4.3.13.RELEASE\spring-beans-4.3.13.RELEASE.jar;C:\Users\cvidudal\.m2\repository\org\springframework\spring-context\4.3.13.RELEASE\spring-context-4.3.13.RELEASE.jar;C:\Users\cvidudal\.m2\repository\org\springframework\spring-webmvc\4.3.13.RELEASE\spring-webmvc-4.3.13.RELEASE.jar;C:\Users\cvidudal\.m2\repository\org\springframework\spring-expression\4.3.13.RELEASE\spring-expression-4.3.13.RELEASE.jar;C:\Users\cvidudal\.m2\repository\org\springframework\boot\spring-boot-starter-test\1.5.9.RELEASE\spring-boot-starter-test-1.5.9.RELEASE.jar;C:\Users\cvidudal\.m2\repository\org\springframework\boot\spring-boot-test\1.5.9.RELEASE\spring-boot-test-1.5.9.RELEASE.jar;C:\Users\cvidudal\.m2\repository\org\springframework\boot\spring-boot-test-autoconfigure\1.5.9.RELEASE\spring-boot-test-autoconfigure-1.5.9.RELEASE.jar;C:\Users\cvidudal\.m2\repository\com\jayway\jsonpath\json-path\2.2.0\json-path-2.2.0.jar;C:\Users\cvidudal\.m2\repository\net\minidev\json-smart\2.2.1\json-smart-2.2.1.jar;C:\Users\cvidudal\.m2\repository\net\minidev\accessors-smart\1.1\accessors-smart-1.1.jar;C:\Users\cvidudal\.m2\repository\org\ow2\asm\asm\5.0.3\asm-5.0.3.jar;C:\Users\cvidudal\.m2\repository\junit\junit\4.12\junit-4.12.jar;C:\Users\cvidudal\.m2\repository\org\assertj\assertj-core\2.6.0\assertj-core-2.6.0.jar;C:\Users\cvidudal\.m2\repository\org\mockito\mockito-core\1.10.19\mockito-core-1.10.19.jar;C:\Users\cvidudal\.m2\repository\org\objenesis\objenesis\2.1\objenesis-2.1.jar;C:\Users\cvidudal\.m2\repository\org\hamcrest\hamcrest-core\1.3\hamcrest-core-1.3.jar;C:\Users\cvidudal\.m2\repository\org\hamcrest\hamcrest-library\1.3\hamcrest-library-1.3.jar;C:\Users\cvidudal\.m2\repository\org\skyscreamer\jsonassert\1.4.0\jsonassert-1.4.0.jar;C:\Users\cvidudal\.m2\repository\com\vaadin\external\google\android-json\0.0.20131108.vaadin1\android-json-0.0.20131108.vaadin1.jar;C:\Users\cvidudal\.m2\repository\org\springframework\spring-core\4.3.13.RELEASE\spring-core-4.3.13.RELEASE.jar;C:\Users\cvidudal\.m2\repository\org\springframework\spring-test\4.3.13.RELEASE\spring-test-4.3.13.RELEASE.jar;, sun.cpu.endian=little, user.home=C:\Users\cvidudal, user.language=en, java.specification.vendor=Oracle Corporation, java.version.date=2018-09-25, java.home=C:\jdk-11, file.separator=\, style.color=always, basedir=C:\Subbu_Code\micropay\admin-server, java.vm.compressedOopsMode=Zero based, line.separator=
, java.specification.name=Java Platform API Specification, java.vm.specification.vendor=Oracle Corporation, java.awt.graphicsenv=sun.awt.Win32GraphicsEnvironment, surefire.real.class.path=C:\Subbu_Code\micropay\admin-server\target\surefire\surefirebooter16740791921538245977.jar, user.script=, sun.management.compiler=HotSpot 64-Bit Tiered Compilers, java.runtime.version=11+28, user.name=cvidudal, path.separator=;, os.version=10.0, java.runtime.name=OpenJDK Runtime Environment, file.encoding=Cp1252, java.vm.name=OpenJDK 64-Bit Server VM, java.vendor.version=18.9, localRepository=C:\Users\cvidudal\.m2\repository, java.vendor.url.bug=http://bugreport.java.com/bugreport/, java.io.tmpdir=C:\Users\cvidudal\AppData\Local\Temp\, java.version=11, user.dir=C:\Subbu_Code\micropay\admin-server, os.arch=amd64, java.vm.specification.name=Java Virtual Machine Specification, java.awt.printerjob=sun.awt.windows.WPrinterJob, sun.os.patch.level=, java.library.path=C:\jdk-11\bin;C:\WINDOWS\Sun\Java\bin;C:\WINDOWS\system32;C:\WINDOWS;C:/jdk1.8.0_151/bin/../jre/bin/server;C:/jdk1.8.0_151/bin/../jre/bin;C:/jdk1.8.0_151/bin/../jre/lib/amd64;C:\Program Files (x86)\Microsoft SDKs\Azure\CLI2\wbin;C:\WINDOWS\system32;C:\WINDOWS;C:\WINDOWS\System32\Wbem;C:\WINDOWS\System32\WindowsPowerShell\v1.0\;C:\WINDOWS\System32\OpenSSH\;C:\WINDOWS\CCM;C:\WINDOWS\CCM;C:\Program Files (x86)\Symantec\VIP Access Client\;C:\Program Files\Intel\WiFi\bin\;C:\Program Files\Common Files\Intel\WirelessCommon\;C:\Program Files (x86)\Intel\Intel(R) Management Engine Components\DAL;C:\Program Files\Intel\Intel(R) Management Engine Components\DAL;C:\kube;C:\jdk1.8.0_151\bin;C:\Program Files\Perforce\;C:\Program Files\nodejs\;C:\apache-ant-1.9.14\bin;C:\apache-maven-3.6.2\bin;C:\Softwares\google-cloud-sdk\bin;C:\Program Files\Git\cmd;C:\Program Files\dotnet\;C:\Program Files\Microsoft SQL Server\130\Tools\Binn\;C:\Program Files\Microsoft SQL Server\Client SDK\ODBC\170\Tools\Binn\;C:\Users\cvidudal\AppData\Local\Programs\Python\Python36\Scripts\;C:\Users\cvidudal\AppData\Local\Programs\Python\Python36\;C:\Users\cvidudal\AppData\Local\Programs\Python\Python37\Scripts\;C:\Users\cvidudal\AppData\Local\Programs\Python\Python37\;C:\Users\cvidudal\AppData\Local\Microsoft\WindowsApps;C:\Users\cvidudal\AppData\Roaming\npm;C:\Users\cvidudal\AppData\Local\Programs\Microsoft VS Code\bin;C:\Program Files\JetBrains\IntelliJ IDEA Community Edition 2019.2.3\bin;;C:\Users\cvidudal\AppData\Local\GitHubDesktop\bin;C:\SpringTool-4.3.2;;., java.vendor=Oracle Corporation, java.vm.info=mixed mode, java.vm.version=11+28, sun.io.unicode.encoding=UnicodeLittle, java.class.version=55.0}}, SystemEnvironmentPropertySource@1604002113 {name='systemEnvironment', properties={PATH=C:/jdk1.8.0_151/bin/../jre/bin/server;C:/jdk1.8.0_151/bin/../jre/bin;C:/jdk1.8.0_151/bin/../jre/lib/amd64;C:\Program Files (x86)\Microsoft SDKs\Azure\CLI2\wbin;C:\WINDOWS\system32;C:\WINDOWS;C:\WINDOWS\System32\Wbem;C:\WINDOWS\System32\WindowsPowerShell\v1.0\;C:\WINDOWS\System32\OpenSSH\;C:\WINDOWS\CCM;C:\WINDOWS\CCM;C:\Program Files (x86)\Symantec\VIP Access Client\;C:\Program Files\Intel\WiFi\bin\;C:\Program Files\Common Files\Intel\WirelessCommon\;C:\Program Files (x86)\Intel\Intel(R) Management Engine Components\DAL;C:\Program Files\Intel\Intel(R) Management Engine Components\DAL;C:\kube;C:\jdk1.8.0_151\bin;C:\Program Files\Perforce\;C:\Program Files\nodejs\;C:\apache-ant-1.9.14\bin;C:\apache-maven-3.6.2\bin;C:\Softwares\google-cloud-sdk\bin;C:\Program Files\Git\cmd;C:\Program Files\dotnet\;C:\Program Files\Microsoft SQL Server\130\Tools\Binn\;C:\Program Files\Microsoft SQL Server\Client SDK\ODBC\170\Tools\Binn\;C:\Users\cvidudal\AppData\Local\Programs\Python\Python36\Scripts\;C:\Users\cvidudal\AppData\Local\Programs\Python\Python36\;C:\Users\cvidudal\AppData\Local\Programs\Python\Python37\Scripts\;C:\Users\cvidudal\AppData\Local\Programs\Python\Python37\;C:\Users\cvidudal\AppData\Local\Microsoft\WindowsApps;C:\Users\cvidudal\AppData\Roaming\npm;C:\Users\cvidudal\AppData\Local\Programs\Microsoft VS Code\bin;C:\Program Files\JetBrains\IntelliJ IDEA Community Edition 2019.2.3\bin;;C:\Users\cvidudal\AppData\Local\GitHubDesktop\bin;C:\SpringTool-4.3.2;, USERDOMAIN_ROAMINGPROFILE=OPENTEXT, PROCESSOR_LEVEL=6, SYSTEMDRIVE=C:, SESSIONNAME=Console, ALLUSERSPROFILE=C:\ProgramData, PROCESSOR_ARCHITECTURE=AMD64, DRIVERDATA=C:\Windows\System32\Drivers\DriverData, PROGRAMFILES=C:\Program Files, PSMODULEPATH=C:\Program Files\WindowsPowerShell\Modules;C:\WINDOWS\system32\WindowsPowerShell\v1.0\Modules, PROGRAMDATA=C:\ProgramData, USERNAME=cvidudal, USERDNSDOMAIN=OPENTEXT.NET, FPS_BROWSER_USER_PROFILE_STRING=Default, ONEDRIVE=C:\Users\cvidudal\OneDrive, PATHEXT=.COM;.EXE;.BAT;.CMD;.VBS;.VBE;.JS;.JSE;.WSF;.WSH;.MSC, SSF_LIBRARY_PATH_64=C:\Program Files\SAP\FrontEnd\SecureLogin\lib\sapcrypto.dll, SSF_LIBRARY_PATH=C:\Program Files (x86)\SAP\FrontEnd\SecureLogin\lib\sapcrypto.dll, WINDIR=C:\WINDOWS, HOMEPATH=\Users\cvidudal, PROCESSOR_IDENTIFIER=Intel64 Family 6 Model 158 Stepping 9, GenuineIntel, PUBLIC=C:\Users\Public, =::=::\, LOCALAPPDATA=C:\Users\cvidudal\AppData\Local, COMMONPROGRAMFILES(X86)=C:\Program Files (x86)\Common Files, USERDOMAIN=OPENTEXT, FPS_BROWSER_APP_PROFILE_STRING=Internet Explorer, LOGONSERVER=\\OTBANDC01, JAVA_HOME=C:\jdk1.8.0_151, PROMPT=$P$G, PROGRAMFILES(X86)=C:\Program Files (x86), ANT_HOME=C:\apache-ant-1.9.14, =C:=C:\Subbu_Code\micropay\admin-server, APPDATA=C:\Users\cvidudal\AppData\Roaming, PROGRAMW6432=C:\Program Files, SYSTEMROOT=C:\WINDOWS, OS=Windows_NT, COMMONPROGRAMW6432=C:\Program Files\Common Files, COMPUTERNAME=CVIDUDALPF0TUCX, INTELLIJ IDEA COMMUNITY EDITION=C:\Program Files\JetBrains\IntelliJ IDEA Community Edition 2019.2.3\bin;, COMMONPROGRAMFILES=C:\Program Files\Common Files, COMSPEC=C:\WINDOWS\system32\cmd.exe, PROCESSOR_REVISION=9e09, UATDATA=C:\WINDOWS\CCM\UATData\D9F8C395-CAB8-491d-B8AC-179A1FE1BE77, SNC_LIB_64=C:\Program Files\SAP\FrontEnd\SecureLogin\lib\sapcrypto.dll, TEMP=C:\Users\cvidudal\AppData\Local\Temp, HOMEDRIVE=C:, SNC_LIB=C:\Program Files (x86)\SAP\FrontEnd\SecureLogin\lib\sapcrypto.dll, USERPROFILE=C:\Users\cvidudal, TMP=C:\Users\cvidudal\AppData\Local\Temp, NUMBER_OF_PROCESSORS=8}}]
19:52:21.827 [main] DEBUG org.springframework.core.io.support.PathMatchingResourcePatternResolver - Resolved classpath location [com/self/sprintboot/learning/eureka/] to resources [URL [file:/C:/Subbu_Code/micropay/admin-server/target/test-classes/com/self/sprintboot/learning/eureka/]]
19:52:21.827 [main] DEBUG org.springframework.core.io.support.PathMatchingResourcePatternResolver - Looking for matching resources in directory tree [C:\Subbu_Code\micropay\admin-server\target\test-classes\com\self\sprintboot\learning\eureka]
19:52:21.827 [main] DEBUG org.springframework.core.io.support.PathMatchingResourcePatternResolver - Searching directory [C:\Subbu_Code\micropay\admin-server\target\test-classes\com\self\sprintboot\learning\eureka] for files matching pattern [C:/Subbu_Code/micropay/admin-server/target/test-classes/com/self/sprintboot/learning/eureka/*.class]
19:52:21.831 [main] DEBUG org.springframework.core.io.support.PathMatchingResourcePatternResolver - Resolved location pattern [classpath*:com/self/sprintboot/learning/eureka/*.class] to resources [file [C:\Subbu_Code\micropay\admin-server\target\test-classes\com\self\sprintboot\learning\eureka\EurekaServerApplicationTests.class]]
19:52:21.839 [main] DEBUG org.springframework.core.io.support.PathMatchingResourcePatternResolver - Resolved classpath location [com/self/sprintboot/learning/] to resources [URL [file:/C:/Subbu_Code/micropay/admin-server/target/test-classes/com/self/sprintboot/learning/]]
19:52:21.839 [main] DEBUG org.springframework.core.io.support.PathMatchingResourcePatternResolver - Looking for matching resources in directory tree [C:\Subbu_Code\micropay\admin-server\target\test-classes\com\self\sprintboot\learning]
19:52:21.840 [main] DEBUG org.springframework.core.io.support.PathMatchingResourcePatternResolver - Searching directory [C:\Subbu_Code\micropay\admin-server\target\test-classes\com\self\sprintboot\learning] for files matching pattern [C:/Subbu_Code/micropay/admin-server/target/test-classes/com/self/sprintboot/learning/*.class]
19:52:21.840 [main] DEBUG org.springframework.core.io.support.PathMatchingResourcePatternResolver - Resolved location pattern [classpath*:com/self/sprintboot/learning/*.class] to resources []
19:52:21.841 [main] DEBUG org.springframework.core.io.support.PathMatchingResourcePatternResolver - Resolved classpath location [com/self/sprintboot/] to resources [URL [file:/C:/Subbu_Code/micropay/admin-server/target/test-classes/com/self/sprintboot/]]
19:52:21.842 [main] DEBUG org.springframework.core.io.support.PathMatchingResourcePatternResolver - Looking for matching resources in directory tree [C:\Subbu_Code\micropay\admin-server\target\test-classes\com\self\sprintboot]
19:52:21.843 [main] DEBUG org.springframework.core.io.support.PathMatchingResourcePatternResolver - Searching directory [C:\Subbu_Code\micropay\admin-server\target\test-classes\com\self\sprintboot] for files matching pattern [C:/Subbu_Code/micropay/admin-server/target/test-classes/com/self/sprintboot/*.class]
19:52:21.844 [main] DEBUG org.springframework.core.io.support.PathMatchingResourcePatternResolver - Resolved location pattern [classpath*:com/self/sprintboot/*.class] to resources []
19:52:21.844 [main] DEBUG org.springframework.core.io.support.PathMatchingResourcePatternResolver - Resolved classpath location [com/self/] to resources [URL [file:/C:/Subbu_Code/micropay/admin-server/target/test-classes/com/self/]]
19:52:21.845 [main] DEBUG org.springframework.core.io.support.PathMatchingResourcePatternResolver - Looking for matching resources in directory tree [C:\Subbu_Code\micropay\admin-server\target\test-classes\com\self]
19:52:21.845 [main] DEBUG org.springframework.core.io.support.PathMatchingResourcePatternResolver - Searching directory [C:\Subbu_Code\micropay\admin-server\target\test-classes\com\self] for files matching pattern [C:/Subbu_Code/micropay/admin-server/target/test-classes/com/self/*.class]
19:52:21.847 [main] DEBUG org.springframework.core.io.support.PathMatchingResourcePatternResolver - Resolved location pattern [classpath*:com/self/*.class] to resources []
19:52:21.849 [main] DEBUG org.springframework.core.io.support.PathMatchingResourcePatternResolver - Resolved classpath location [com/] to resources [URL [file:/C:/Subbu_Code/micropay/admin-server/target/test-classes/com/], URL [file:/C:/Subbu_Code/micropay/admin-server/target/classes/com/], URL [jar:file:/C:/Users/cvidudal/.m2/repository/com/fasterxml/jackson/core/jackson-databind/2.8.10/jackson-databind-2.8.10.jar!/com/], URL [jar:file:/C:/Users/cvidudal/.m2/repository/com/fasterxml/jackson/core/jackson-annotations/2.8.0/jackson-annotations-2.8.0.jar!/com/], URL [jar:file:/C:/Users/cvidudal/.m2/repository/com/fasterxml/jackson/core/jackson-core/2.8.10/jackson-core-2.8.10.jar!/com/], URL [jar:file:/C:/Users/cvidudal/.m2/repository/com/netflix/zuul/zuul-core/1.3.0/zuul-core-1.3.0.jar!/com/], URL [jar:file:/C:/Users/cvidudal/.m2/repository/com/netflix/archaius/archaius-core/0.7.4/archaius-core-0.7.4.jar!/com/], URL [jar:file:/C:/Users/cvidudal/.m2/repository/com/google/guava/guava/18.0/guava-18.0.jar!/com/], URL [jar:file:/C:/Users/cvidudal/.m2/repository/com/netflix/servo/servo-core/0.10.1/servo-core-0.10.1.jar!/com/], URL [jar:file:/C:/Users/cvidudal/.m2/repository/com/netflix/servo/servo-internal/0.10.1/servo-internal-0.10.1.jar!/com/], URL [jar:file:/C:/Users/cvidudal/.m2/repository/com/netflix/netflix-commons/netflix-commons-util/0.1.1/netflix-commons-util-0.1.1.jar!/com/], URL [jar:file:/C:/Users/cvidudal/.m2/repository/com/netflix/hystrix/hystrix-core/1.5.12/hystrix-core-1.5.12.jar!/com/], URL [jar:file:/C:/Users/cvidudal/.m2/repository/com/fasterxml/classmate/1.3.4/classmate-1.3.4.jar!/com/], URL [jar:file:/C:/Users/cvidudal/.m2/repository/com/jayway/jsonpath/json-path/2.2.0/json-path-2.2.0.jar!/com/]]
19:52:21.850 [main] DEBUG org.springframework.core.io.support.PathMatchingResourcePatternResolver - Looking for matching resources in directory tree [C:\Subbu_Code\micropay\admin-server\target\test-classes\com]
19:52:21.851 [main] DEBUG org.springframework.core.io.support.PathMatchingResourcePatternResolver - Searching directory [C:\Subbu_Code\micropay\admin-server\target\test-classes\com] for files matching pattern [C:/Subbu_Code/micropay/admin-server/target/test-classes/com/*.class]
19:52:21.860 [main] DEBUG org.springframework.core.io.support.PathMatchingResourcePatternResolver - Looking for matching resources in directory tree [C:\Subbu_Code\micropay\admin-server\target\classes\com]
19:52:21.860 [main] DEBUG org.springframework.core.io.support.PathMatchingResourcePatternResolver - Searching directory [C:\Subbu_Code\micropay\admin-server\target\classes\com] for files matching pattern [C:/Subbu_Code/micropay/admin-server/target/classes/com/*.class]
19:52:21.862 [main] DEBUG org.springframework.core.io.support.PathMatchingResourcePatternResolver - Looking for matching resources in jar file [file:/C:/Users/cvidudal/.m2/repository/com/fasterxml/jackson/core/jackson-databind/2.8.10/jackson-databind-2.8.10.jar]
19:52:21.870 [main] DEBUG org.springframework.core.io.support.PathMatchingResourcePatternResolver - Looking for matching resources in jar file [file:/C:/Users/cvidudal/.m2/repository/com/fasterxml/jackson/core/jackson-annotations/2.8.0/jackson-annotations-2.8.0.jar]
19:52:21.873 [main] DEBUG org.springframework.core.io.support.PathMatchingResourcePatternResolver - Looking for matching resources in jar file [file:/C:/Users/cvidudal/.m2/repository/com/fasterxml/jackson/core/jackson-core/2.8.10/jackson-core-2.8.10.jar]
19:52:21.875 [main] DEBUG org.springframework.core.io.support.PathMatchingResourcePatternResolver - Looking for matching resources in jar file [file:/C:/Users/cvidudal/.m2/repository/com/netflix/zuul/zuul-core/1.3.0/zuul-core-1.3.0.jar]
19:52:21.876 [main] DEBUG org.springframework.core.io.support.PathMatchingResourcePatternResolver - Looking for matching resources in jar file [file:/C:/Users/cvidudal/.m2/repository/com/netflix/archaius/archaius-core/0.7.4/archaius-core-0.7.4.jar]
19:52:21.878 [main] DEBUG org.springframework.core.io.support.PathMatchingResourcePatternResolver - Looking for matching resources in jar file [file:/C:/Users/cvidudal/.m2/repository/com/google/guava/guava/18.0/guava-18.0.jar]
19:52:21.893 [main] DEBUG org.springframework.core.io.support.PathMatchingResourcePatternResolver - Looking for matching resources in jar file [file:/C:/Users/cvidudal/.m2/repository/com/netflix/servo/servo-core/0.10.1/servo-core-0.10.1.jar]
19:52:21.896 [main] DEBUG org.springframework.core.io.support.PathMatchingResourcePatternResolver - Looking for matching resources in jar file [file:/C:/Users/cvidudal/.m2/repository/com/netflix/servo/servo-internal/0.10.1/servo-internal-0.10.1.jar]
19:52:21.898 [main] DEBUG org.springframework.core.io.support.PathMatchingResourcePatternResolver - Looking for matching resources in jar file [file:/C:/Users/cvidudal/.m2/repository/com/netflix/netflix-commons/netflix-commons-util/0.1.1/netflix-commons-util-0.1.1.jar]
19:52:21.898 [main] DEBUG org.springframework.core.io.support.PathMatchingResourcePatternResolver - Looking for matching resources in jar file [file:/C:/Users/cvidudal/.m2/repository/com/netflix/hystrix/hystrix-core/1.5.12/hystrix-core-1.5.12.jar]
19:52:21.902 [main] DEBUG org.springframework.core.io.support.PathMatchingResourcePatternResolver - Looking for matching resources in jar file [file:/C:/Users/cvidudal/.m2/repository/com/fasterxml/classmate/1.3.4/classmate-1.3.4.jar]
19:52:21.904 [main] DEBUG org.springframework.core.io.support.PathMatchingResourcePatternResolver - Looking for matching resources in jar file [file:/C:/Users/cvidudal/.m2/repository/com/jayway/jsonpath/json-path/2.2.0/json-path-2.2.0.jar]
19:52:21.905 [main] DEBUG org.springframework.core.io.support.PathMatchingResourcePatternResolver - Resolved location pattern [classpath*:com/*.class] to resources []
]]></system-out>
  </testcase>
</testsuite>